2023-11-19 16:14:27.553664 (187116) main____ INFO    ----------------------------------------
2023-11-19 16:14:27.553749 (187116) main____ INFO    Jasper version info
2023-11-19 16:14:27.553755 (187116) main____ INFO      tool      : Jasper 2023.09
2023-11-19 16:14:27.553761 (187116) main____ INFO      version   : 2023.09p001 64 bits
2023-11-19 16:14:27.553764 (187116) main____ INFO      build date: 2023.10.25 14:35:20 UTC
2023-11-19 16:14:27.553767 (187116) main____ INFO    ----------------------------------------
2023-11-19 16:14:27.553769 (187116) main____ INFO    Runtime info:
2023-11-19 16:14:27.553773 (187116) main____ INFO      platform  : Linux 3.10.0-1160.88.1.el7.x86_64 x86_64
2023-11-19 16:14:27.553779 (187116) main____ INFO      hostname  : ee26
2023-11-19 16:14:27.553782 (187116) main____ INFO      pid       : 187116
2023-11-19 16:14:27.553785 (187116) main____ INFO      arguments : '-style' 'windows' '-sec' 'jg_sec_run2.tcl'
2023-11-19 16:14:27.553789 (187116) main____ INFO      locale    : ANSI_X3.4-1968
2023-11-19 16:14:27.553791 (187116) main____ INFO    ----------------------------------------
2023-11-19 16:14:27.553794 (187116) main____ INFO    System resource limits info:
2023-11-19 16:14:27.553797 (187116) main____ INFO      virtual memory: unlimited
2023-11-19 16:14:27.553799 (187116) main____ INFO      cpu time      : unlimited
2023-11-19 16:14:27.553805 (187116) main____ INFO      processes     : 4096
2023-11-19 16:14:27.553813 (187116) main____ INFO      stack size    : 8388608 B
2023-11-19 16:14:27.553816 (187116) main____ INFO      core file size: 0 B
2023-11-19 16:14:27.553819 (187116) main____ INFO      open files    : 1024
2023-11-19 16:14:27.553822 (187116) main____ INFO      file size     : unlimited
2023-11-19 16:14:27.553824 (187116) main____ INFO    ----------------------------------------
2023-11-19 16:14:27.553827 (187116) main____ INFO    Memory statistics:
2023-11-19 16:14:27.553830 (187116) main____ INFO      total physical memory  : 1056530580 kB
2023-11-19 16:14:27.553832 (187116) main____ INFO      free physical memory   : 294729544 kB
2023-11-19 16:14:27.553835 (187116) main____ INFO      committed address space: 117697752 kB
2023-11-19 16:14:27.553837 (187116) main____ INFO    ----------------------------------------
2023-11-19 16:14:27.554334 (187116) main____ INFO    Important environment variables:
2023-11-19 16:14:27.554344 (187116) main____ INFO      CDS_AUTO_64BIT     : 'ALL'
2023-11-19 16:14:27.554348 (187116) main____ INFO      CDS_LOAD_ENV       : 'CSF'
2023-11-19 16:14:27.554352 (187116) main____ INFO      CDS_Netlisting_Mode: 'Analog'
2023-11-19 16:14:27.554356 (187116) main____ INFO      DISPLAY            : 'localhost:43.0'
2023-11-19 16:14:27.554360 (187116) main____ INFO      JASPER_INSTALL_DIR : '/usr/cad/cadence/JASPER/jasper_2023.09p001'
2023-11-19 16:14:27.554368 (187116) main____ INFO      JASPER_KERNEL_CHECK: '1'
2023-11-19 16:14:27.554372 (187116) main____ INFO      JASPER_OS_CHECK    : '1'
2023-11-19 16:14:27.554377 (187116) main____ INFO      LM_LICENSE_FILE    : '26585@lshc:5280@lshc:1717@lshc:5280@lstn:5280@lstc:26585@lstn:26585@lstc:1717@lstc:1717@lstn:'
2023-11-19 16:14:27.554380 (187116) main____ INFO    ----------------------------------------
2023-11-19 16:14:27.555768 (187116) lic_core INFO    Initializing license system ...
2023-11-19 16:14:27.558434 (187116) lic_core INFO    ... license system initialized.
2023-11-19 16:14:27.579659 (187116) lic__man INFO    Claim 'main' for <ui>.
2023-11-19 16:14:27.579691 (187116) lic_core INFO    (1) checking out 'jasper_interactive' ...
2023-11-19 16:14:27.643628 (187116) lic_core INFO    ... (1) checkout succeeded
2023-11-19 16:14:27.643716 (187116) lic__man INFO    Claim 'sec' for <ui>.
2023-11-19 16:14:27.643734 (187116) lic_core INFO    (2) checking out 'jasper_sec' ...
2023-11-19 16:14:27.797916 (187116) lic_core INFO    ... (2) checkout failed (error: -5) ("FLEXnet ERROR(-5, 0, 0): No such feature exists.")
2023-11-19 16:14:27.797939 (187116) lic_core INFO    (3) checking out 'jasper_fao' ...
2023-11-19 16:14:27.861370 (187116) lic_core INFO    ... (3) checkout succeeded
2023-11-19 16:14:27.862004 (187116) main____ INFO    Tool inactivity delay is 480000 ms.
2023-11-19 16:14:28.353932 (187116) lic__man INFO    Claim 'sec' for <ui>.
2023-11-19 16:14:29.111742 (187116) lic__man INFO    Unclaim 'sec' for <ui>.
2023-11-19 16:14:29.111777 (187116) lic__man INFO    Claim 'sec' for <ui>.
2023-11-19 16:14:29.132876 (187116) session_ INFO    Starting analysis session with session id 'session_0' (launcher: <local>) ...
2023-11-19 16:14:29.135086 (187116) session_ INFO    Analysis session with session id 'session_0' started (pid: 187288)
2023-11-19 16:14:31.335040 (187116) session_ INFO    Analysis session 'session_0' connected to the console (host: 127.0.0.1:50888)
2023-11-19 16:14:31.614759 (187116) main____ INFO    Releasing console memory by request of analysis session 'session_0'.
2023-11-19 16:14:31.616078 (187116) lic__man INFO    Unclaim everything for 'session_0'.
2023-11-19 16:14:31.616904 (187116) lic__man INFO    Claim 'sec' for 'session_0'.
2023-11-19 16:14:32.417055 (187116) lic__man INFO    Unclaim everything for 'session_0'.
2023-11-19 16:14:32.677733 (187116) lic__man INFO    Claim 'sec' for 'session_0'.
2023-11-19 16:14:33.388700 (187116) lic__man INFO    Claim 'sec' for 'session_0'.
2023-11-19 16:14:33.388735 (187116) lic__man INFO    Claim 'sec' for 'session_0/prove-1'.
2023-11-19 16:14:34.118056 (187116) lic__man INFO    Unclaim everything for 'session_0/prove-2'.
2023-11-19 16:14:34.317038 (187116) lic__man INFO    Unclaim everything for 'session_0/prove-4'.
2023-11-19 16:14:34.359073 (187116) lic__man INFO    Unclaim everything for 'session_0/prove-3'.
2023-11-19 16:14:34.994846 (187116) lic__man INFO    Unclaim everything for 'session_0/prove-1'.
2023-11-19 16:14:35.994609 (187116) lic__man INFO    Unclaim everything for 'session_0/prove-0'.
2023-11-19 16:14:42.747101 (187116) main____ INFO    About to exit: requested from GUI
2023-11-19 16:14:43.175415 (187116) session_ INFO    Analysis session 'session_0' disconnected.
2023-11-19 16:14:43.183202 (187116) lic_core INFO    (1) checkin jasper_interactive
2023-11-19 16:14:43.185626 (187116) lic_core INFO    (3) checkin jasper_fao
2023-11-19 16:14:43.190379 (187116) main____ INFO    Exiting with status 0.
