Initializing gui preferences from file  /RAID2/COURSE/iclab/iclab122/.synopsys_dc_gui/preferences.tcl
#======================================================
#
# Synopsys Synthesis Scripts (Design Vision dctcl mode)
#
#======================================================
#======================================================
# (A) Global Parameters
#======================================================
set DESIGN "SNN"
SNN
set CYCLE 70
70
set INPUT_DLY [expr 0.5*$CYCLE]
35.0
set OUTPUT_DLY [expr 0.5*$CYCLE]
35.0
#======================================================
# (B) Read RTL Code
#======================================================
set hdlin_auto_save_templates TRUE
TRUE
analyze -f sverilog $DESIGN\_wocg.v 
Running PRESTO HDLC
Compiling source file ../01_RTL/SNN_wocg.v
Presto compilation completed successfully.
Loading db file '/RAID2/COURSE/BackUp/2023_Spring/iclab/iclabta01/UMC018_CBDK/CIC/SynopsysDC/db/fsa0m_a_generic_core_ss1p62v125c.db'
Loading db file '/RAID2/COURSE/BackUp/2023_Spring/iclab/iclabta01/UMC018_CBDK/CIC/SynopsysDC/db/fsa0m_a_generic_core_ff1p98vm40c.db'
Loading db file '/RAID2/COURSE/BackUp/2023_Spring/iclab/iclabta01/UMC018_CBDK/CIC/SynopsysDC/db/fsa0m_a_t33_generic_io_ss1p62v125c.db'
Loading db file '/RAID2/COURSE/BackUp/2023_Spring/iclab/iclabta01/UMC018_CBDK/CIC/SynopsysDC/db/fsa0m_a_t33_generic_io_tt1p8v25c.db'
Loading db file '/usr/cad/synopsys/synthesis/cur/libraries/syn/dw_foundation.sldb'
Loading db file '/usr/cad/synopsys/synthesis/cur/libraries/syn/standard.sldb'
1
elaborate $DESIGN  
Loading db file '/usr/cad/synopsys/synthesis/2022.03/libraries/syn/gtech.db'
Loading db file '/usr/cad/synopsys/synthesis/2022.03/libraries/syn/standard.sldb'
  Loading link library 'fsa0m_a_generic_core_ss1p62v125c'
  Loading link library 'fsa0m_a_generic_core_ff1p98vm40c'
  Loading link library 'fsa0m_a_t33_generic_io_ss1p62v125c'
  Loading link library 'fsa0m_a_t33_generic_io_tt1p8v25c'
  Loading link library 'gtech'
Running PRESTO HDLC
Warning:  ../01_RTL/SNN_wocg.v:269: signed to unsigned conversion occurs. (VER-318)
Warning:  ../01_RTL/SNN_wocg.v:283: signed to unsigned conversion occurs. (VER-318)
Warning:  ../01_RTL/SNN_wocg.v:296: signed to unsigned conversion occurs. (VER-318)
Warning:  ../01_RTL/SNN_wocg.v:318: signed to unsigned conversion occurs. (VER-318)
Warning:  ../01_RTL/SNN_wocg.v:349: signed to unsigned conversion occurs. (VER-318)
Warning:  ../01_RTL/SNN_wocg.v:192: DEFAULT branch of CASE statement cannot be reached. (ELAB-311)

Statistics for case statements in always block at line 161 in file
        '../01_RTL/SNN_wocg.v'
===============================================
|           Line           |  full/ parallel  |
===============================================
|           162            |    auto/auto     |
===============================================

Statistics for case statements in always block at line 191 in file
        '../01_RTL/SNN_wocg.v'
===============================================
|           Line           |  full/ parallel  |
===============================================
|           192            |    auto/auto     |
===============================================

Statistics for case statements in always block at line 419 in file
        '../01_RTL/SNN_wocg.v'
===============================================
|           Line           |  full/ parallel  |
===============================================
|           420            |    auto/auto     |
===============================================

Statistics for case statements in always block at line 692 in file
        '../01_RTL/SNN_wocg.v'
===============================================
|           Line           |  full/ parallel  |
===============================================
|           693            |    auto/auto     |
===============================================

Statistics for case statements in always block at line 783 in file
        '../01_RTL/SNN_wocg.v'
===============================================
|           Line           |  full/ parallel  |
===============================================
|           789            |     no/auto      |
===============================================

Statistics for case statements in always block at line 813 in file
        '../01_RTL/SNN_wocg.v'
===============================================
|           Line           |  full/ parallel  |
===============================================
|           814            |    auto/auto     |
===============================================

Statistics for case statements in always block at line 902 in file
        '../01_RTL/SNN_wocg.v'
===============================================
|           Line           |  full/ parallel  |
===============================================
|           903            |    auto/auto     |
===============================================

Statistics for case statements in always block at line 932 in file
        '../01_RTL/SNN_wocg.v'
===============================================
|           Line           |  full/ parallel  |
===============================================
|           933            |    auto/auto     |
===============================================

Statistics for case statements in always block at line 955 in file
        '../01_RTL/SNN_wocg.v'
===============================================
|           Line           |  full/ parallel  |
===============================================
|           956            |    auto/auto     |
===============================================

Statistics for case statements in always block at line 980 in file
        '../01_RTL/SNN_wocg.v'
===============================================
|           Line           |  full/ parallel  |
===============================================
|           981            |    auto/auto     |
===============================================

Statistics for case statements in always block at line 1004 in file
        '../01_RTL/SNN_wocg.v'
===============================================
|           Line           |  full/ parallel  |
===============================================
|           1005           |    auto/auto     |
===============================================

Statistics for case statements in always block at line 1030 in file
        '../01_RTL/SNN_wocg.v'
===============================================
|           Line           |  full/ parallel  |
===============================================
|           1032           |    auto/auto     |
===============================================

Statistics for case statements in always block at line 1060 in file
        '../01_RTL/SNN_wocg.v'
===============================================
|           Line           |  full/ parallel  |
===============================================
|           1061           |    auto/auto     |
===============================================

Statistics for case statements in always block at line 1080 in file
        '../01_RTL/SNN_wocg.v'
===============================================
|           Line           |  full/ parallel  |
===============================================
|           1081           |    auto/auto     |
===============================================

Inferred memory devices in process
        in routine SNN line 156 in file
                '../01_RTL/SNN_wocg.v'.
===============================================================================
|    Register Name    |   Type    | Width | Bus | MB | AR | AS | SR | SS | ST |
===============================================================================
|   curr_state_reg    | Flip-flop |   2   |  Y  | N  | Y  | N  | N  | N  | N  |
===============================================================================

Inferred memory devices in process
        in routine SNN line 186 in file
                '../01_RTL/SNN_wocg.v'.
===============================================================================
|    Register Name    |   Type    | Width | Bus | MB | AR | AS | SR | SS | ST |
===============================================================================
|       cnt_reg       | Flip-flop |   6   |  Y  | N  | Y  | N  | N  | N  | N  |
===============================================================================

Inferred memory devices in process
        in routine SNN line 206 in file
                '../01_RTL/SNN_wocg.v'.
===============================================================================
|    Register Name    |   Type    | Width | Bus | MB | AR | AS | SR | SS | ST |
===============================================================================
|     opt_reg_reg     | Flip-flop |   2   |  Y  | N  | Y  | N  | N  | N  | N  |
===============================================================================

Inferred memory devices in process
        in routine SNN line 221 in file
                '../01_RTL/SNN_wocg.v'.
===============================================================================
|    Register Name    |   Type    | Width | Bus | MB | AR | AS | SR | SS | ST |
===============================================================================
|    image_reg_reg    | Flip-flop |  32   |  Y  | N  | Y  | N  | N  | N  | N  |
===============================================================================

Inferred memory devices in process
        in routine SNN line 228 in file
                '../01_RTL/SNN_wocg.v'.
===============================================================================
|    Register Name    |   Type    | Width | Bus | MB | AR | AS | SR | SS | ST |
===============================================================================
|    image_reg_reg    | Flip-flop |  480  |  Y  | N  | Y  | N  | N  | N  | N  |
===============================================================================

Inferred memory devices in process
        in routine SNN line 260 in file
                '../01_RTL/SNN_wocg.v'.
===============================================================================
|    Register Name    |   Type    | Width | Bus | MB | AR | AS | SR | SS | ST |
===============================================================================
|    kern1_reg_reg    | Flip-flop |  32   |  Y  | N  | Y  | N  | N  | N  | N  |
===============================================================================

Inferred memory devices in process
        in routine SNN line 267 in file
                '../01_RTL/SNN_wocg.v'.
===============================================================================
|    Register Name    |   Type    | Width | Bus | MB | AR | AS | SR | SS | ST |
===============================================================================
|    kern1_reg_reg    | Flip-flop |  256  |  Y  | N  | Y  | N  | N  | N  | N  |
===============================================================================

Inferred memory devices in process
        in routine SNN line 281 in file
                '../01_RTL/SNN_wocg.v'.
===============================================================================
|    Register Name    |   Type    | Width | Bus | MB | AR | AS | SR | SS | ST |
===============================================================================
|    kern2_reg_reg    | Flip-flop |  288  |  Y  | N  | Y  | N  | N  | N  | N  |
===============================================================================

Inferred memory devices in process
        in routine SNN line 294 in file
                '../01_RTL/SNN_wocg.v'.
===============================================================================
|    Register Name    |   Type    | Width | Bus | MB | AR | AS | SR | SS | ST |
===============================================================================
|    kern3_reg_reg    | Flip-flop |  288  |  Y  | N  | Y  | N  | N  | N  | N  |
===============================================================================

Inferred memory devices in process
        in routine SNN line 309 in file
                '../01_RTL/SNN_wocg.v'.
===============================================================================
|    Register Name    |   Type    | Width | Bus | MB | AR | AS | SR | SS | ST |
===============================================================================
|   weight_reg_reg    | Flip-flop |  32   |  Y  | N  | Y  | N  | N  | N  | N  |
===============================================================================

Inferred memory devices in process
        in routine SNN line 316 in file
                '../01_RTL/SNN_wocg.v'.
===============================================================================
|    Register Name    |   Type    | Width | Bus | MB | AR | AS | SR | SS | ST |
===============================================================================
|   weight_reg_reg    | Flip-flop |  96   |  Y  | N  | Y  | N  | N  | N  | N  |
===============================================================================

Inferred memory devices in process
        in routine SNN line 335 in file
                '../01_RTL/SNN_wocg.v'.
===============================================================================
|    Register Name    |   Type    | Width | Bus | MB | AR | AS | SR | SS | ST |
===============================================================================
|    data_reg_reg     | Flip-flop |  512  |  Y  | N  | Y  | N  | N  | N  | N  |
===============================================================================

Inferred memory devices in process
        in routine SNN line 347 in file
                '../01_RTL/SNN_wocg.v'.
===============================================================================
|    Register Name    |   Type    | Width | Bus | MB | AR | AS | SR | SS | ST |
===============================================================================
|   eqdata_reg_reg    | Flip-flop |  512  |  Y  | N  | Y  | N  | N  | N  | N  |
===============================================================================

Inferred memory devices in process
        in routine SNN line 355 in file
                '../01_RTL/SNN_wocg.v'.
===============================================================================
|    Register Name    |   Type    | Width | Bus | MB | AR | AS | SR | SS | ST |
===============================================================================
|   pooling_reg_reg   | Flip-flop |  32   |  Y  | N  | Y  | N  | N  | N  | N  |
===============================================================================

Inferred memory devices in process
        in routine SNN line 359 in file
                '../01_RTL/SNN_wocg.v'.
===============================================================================
|    Register Name    |   Type    | Width | Bus | MB | AR | AS | SR | SS | ST |
===============================================================================
|   pooling_reg_reg   | Flip-flop |  32   |  Y  | N  | Y  | N  | N  | N  | N  |
===============================================================================

Inferred memory devices in process
        in routine SNN line 363 in file
                '../01_RTL/SNN_wocg.v'.
===============================================================================
|    Register Name    |   Type    | Width | Bus | MB | AR | AS | SR | SS | ST |
===============================================================================
|   pooling_reg_reg   | Flip-flop |  32   |  Y  | N  | Y  | N  | N  | N  | N  |
===============================================================================

Inferred memory devices in process
        in routine SNN line 367 in file
                '../01_RTL/SNN_wocg.v'.
===============================================================================
|    Register Name    |   Type    | Width | Bus | MB | AR | AS | SR | SS | ST |
===============================================================================
|   pooling_reg_reg   | Flip-flop |  32   |  Y  | N  | Y  | N  | N  | N  | N  |
===============================================================================

Inferred memory devices in process
        in routine SNN line 372 in file
                '../01_RTL/SNN_wocg.v'.
===============================================================================
|    Register Name    |   Type    | Width | Bus | MB | AR | AS | SR | SS | ST |
===============================================================================
|   feature_reg_reg   | Flip-flop |  32   |  Y  | N  | Y  | N  | N  | N  | N  |
===============================================================================

Inferred memory devices in process
        in routine SNN line 376 in file
                '../01_RTL/SNN_wocg.v'.
===============================================================================
|    Register Name    |   Type    | Width | Bus | MB | AR | AS | SR | SS | ST |
===============================================================================
|   feature_reg_reg   | Flip-flop |  32   |  Y  | N  | Y  | N  | N  | N  | N  |
===============================================================================

Inferred memory devices in process
        in routine SNN line 380 in file
                '../01_RTL/SNN_wocg.v'.
===============================================================================
|    Register Name    |   Type    | Width | Bus | MB | AR | AS | SR | SS | ST |
===============================================================================
|   feature_reg_reg   | Flip-flop |  32   |  Y  | N  | Y  | N  | N  | N  | N  |
===============================================================================

Inferred memory devices in process
        in routine SNN line 384 in file
                '../01_RTL/SNN_wocg.v'.
===============================================================================
|    Register Name    |   Type    | Width | Bus | MB | AR | AS | SR | SS | ST |
===============================================================================
|   feature_reg_reg   | Flip-flop |  32   |  Y  | N  | Y  | N  | N  | N  | N  |
===============================================================================

Inferred memory devices in process
        in routine SNN line 389 in file
                '../01_RTL/SNN_wocg.v'.
===============================================================================
|    Register Name    |   Type    | Width | Bus | MB | AR | AS | SR | SS | ST |
===============================================================================
|  encoding1_reg_reg  | Flip-flop |  32   |  Y  | N  | Y  | N  | N  | N  | N  |
===============================================================================

Inferred memory devices in process
        in routine SNN line 393 in file
                '../01_RTL/SNN_wocg.v'.
===============================================================================
|    Register Name    |   Type    | Width | Bus | MB | AR | AS | SR | SS | ST |
===============================================================================
|  encoding1_reg_reg  | Flip-flop |  32   |  Y  | N  | Y  | N  | N  | N  | N  |
===============================================================================

Inferred memory devices in process
        in routine SNN line 397 in file
                '../01_RTL/SNN_wocg.v'.
===============================================================================
|    Register Name    |   Type    | Width | Bus | MB | AR | AS | SR | SS | ST |
===============================================================================
|  encoding1_reg_reg  | Flip-flop |  32   |  Y  | N  | Y  | N  | N  | N  | N  |
===============================================================================

Inferred memory devices in process
        in routine SNN line 401 in file
                '../01_RTL/SNN_wocg.v'.
===============================================================================
|    Register Name    |   Type    | Width | Bus | MB | AR | AS | SR | SS | ST |
===============================================================================
|  encoding1_reg_reg  | Flip-flop |  32   |  Y  | N  | Y  | N  | N  | N  | N  |
===============================================================================

Inferred memory devices in process
        in routine SNN line 406 in file
                '../01_RTL/SNN_wocg.v'.
===============================================================================
|    Register Name    |   Type    | Width | Bus | MB | AR | AS | SR | SS | ST |
===============================================================================
|  encoding2_reg_reg  | Flip-flop |  32   |  Y  | N  | Y  | N  | N  | N  | N  |
===============================================================================

Inferred memory devices in process
        in routine SNN line 1143 in file
                '../01_RTL/SNN_wocg.v'.
===============================================================================
|    Register Name    |   Type    | Width | Bus | MB | AR | AS | SR | SS | ST |
===============================================================================
|      add_a_reg      | Flip-flop |  32   |  Y  | N  | Y  | N  | N  | N  | N  |
===============================================================================

Inferred memory devices in process
        in routine SNN line 1147 in file
                '../01_RTL/SNN_wocg.v'.
===============================================================================
|    Register Name    |   Type    | Width | Bus | MB | AR | AS | SR | SS | ST |
===============================================================================
|      add_b_reg      | Flip-flop |  32   |  Y  | N  | Y  | N  | N  | N  | N  |
===============================================================================

Inferred memory devices in process
        in routine SNN line 1151 in file
                '../01_RTL/SNN_wocg.v'.
===============================================================================
|    Register Name    |   Type    | Width | Bus | MB | AR | AS | SR | SS | ST |
===============================================================================
|      add_c_reg      | Flip-flop |  32   |  Y  | N  | Y  | N  | N  | N  | N  |
===============================================================================

Inferred memory devices in process
        in routine SNN line 1155 in file
                '../01_RTL/SNN_wocg.v'.
===============================================================================
|    Register Name    |   Type    | Width | Bus | MB | AR | AS | SR | SS | ST |
===============================================================================
|      add_a_reg      | Flip-flop |  32   |  Y  | N  | Y  | N  | N  | N  | N  |
===============================================================================

Inferred memory devices in process
        in routine SNN line 1159 in file
                '../01_RTL/SNN_wocg.v'.
===============================================================================
|    Register Name    |   Type    | Width | Bus | MB | AR | AS | SR | SS | ST |
===============================================================================
|      add_b_reg      | Flip-flop |  32   |  Y  | N  | Y  | N  | N  | N  | N  |
===============================================================================

Inferred memory devices in process
        in routine SNN line 1163 in file
                '../01_RTL/SNN_wocg.v'.
===============================================================================
|    Register Name    |   Type    | Width | Bus | MB | AR | AS | SR | SS | ST |
===============================================================================
|      add_c_reg      | Flip-flop |  32   |  Y  | N  | Y  | N  | N  | N  | N  |
===============================================================================

Inferred memory devices in process
        in routine SNN line 1167 in file
                '../01_RTL/SNN_wocg.v'.
===============================================================================
|    Register Name    |   Type    | Width | Bus | MB | AR | AS | SR | SS | ST |
===============================================================================
|      add_a_reg      | Flip-flop |  32   |  Y  | N  | Y  | N  | N  | N  | N  |
===============================================================================

Inferred memory devices in process
        in routine SNN line 1171 in file
                '../01_RTL/SNN_wocg.v'.
===============================================================================
|    Register Name    |   Type    | Width | Bus | MB | AR | AS | SR | SS | ST |
===============================================================================
|      add_b_reg      | Flip-flop |  32   |  Y  | N  | Y  | N  | N  | N  | N  |
===============================================================================

Inferred memory devices in process
        in routine SNN line 1175 in file
                '../01_RTL/SNN_wocg.v'.
===============================================================================
|    Register Name    |   Type    | Width | Bus | MB | AR | AS | SR | SS | ST |
===============================================================================
|      add_c_reg      | Flip-flop |  32   |  Y  | N  | Y  | N  | N  | N  | N  |
===============================================================================

Inferred memory devices in process
        in routine SNN line 1180 in file
                '../01_RTL/SNN_wocg.v'.
===============================================================================
|    Register Name    |   Type    | Width | Bus | MB | AR | AS | SR | SS | ST |
===============================================================================
|      add_a_reg      | Flip-flop |  32   |  Y  | N  | Y  | N  | N  | N  | N  |
===============================================================================

Inferred memory devices in process
        in routine SNN line 1184 in file
                '../01_RTL/SNN_wocg.v'.
===============================================================================
|    Register Name    |   Type    | Width | Bus | MB | AR | AS | SR | SS | ST |
===============================================================================
|      add_b_reg      | Flip-flop |  32   |  Y  | N  | Y  | N  | N  | N  | N  |
===============================================================================

Inferred memory devices in process
        in routine SNN line 1188 in file
                '../01_RTL/SNN_wocg.v'.
===============================================================================
|    Register Name    |   Type    | Width | Bus | MB | AR | AS | SR | SS | ST |
===============================================================================
|      add_c_reg      | Flip-flop |  32   |  Y  | N  | Y  | N  | N  | N  | N  |
===============================================================================

Inferred memory devices in process
        in routine SNN line 1193 in file
                '../01_RTL/SNN_wocg.v'.
===============================================================================
|    Register Name    |   Type    | Width | Bus | MB | AR | AS | SR | SS | ST |
===============================================================================
|      add_a_reg      | Flip-flop |  32   |  Y  | N  | Y  | N  | N  | N  | N  |
===============================================================================

Inferred memory devices in process
        in routine SNN line 1209 in file
                '../01_RTL/SNN_wocg.v'.
===============================================================================
|    Register Name    |   Type    | Width | Bus | MB | AR | AS | SR | SS | ST |
===============================================================================
|      sum_c_reg      | Flip-flop |  32   |  Y  | N  | Y  | N  | N  | N  | N  |
|      sum_a_reg      | Flip-flop |  32   |  Y  | N  | Y  | N  | N  | N  | N  |
|      sum_b_reg      | Flip-flop |  32   |  Y  | N  | Y  | N  | N  | N  | N  |
===============================================================================

Inferred memory devices in process
        in routine SNN line 1222 in file
                '../01_RTL/SNN_wocg.v'.
===============================================================================
|    Register Name    |   Type    | Width | Bus | MB | AR | AS | SR | SS | ST |
===============================================================================
|      d9_a_reg       | Flip-flop |  32   |  Y  | N  | Y  | N  | N  | N  | N  |
===============================================================================

Inferred memory devices in process
        in routine SNN line 1235 in file
                '../01_RTL/SNN_wocg.v'.
===============================================================================
|    Register Name    |   Type    | Width | Bus | MB | AR | AS | SR | SS | ST |
===============================================================================
|   c0_max_reg_reg    | Flip-flop |  32   |  Y  | N  | Y  | N  | N  | N  | N  |
===============================================================================

Inferred memory devices in process
        in routine SNN line 1239 in file
                '../01_RTL/SNN_wocg.v'.
===============================================================================
|    Register Name    |   Type    | Width | Bus | MB | AR | AS | SR | SS | ST |
===============================================================================
|   c1_max_reg_reg    | Flip-flop |  32   |  Y  | N  | Y  | N  | N  | N  | N  |
===============================================================================

Inferred memory devices in process
        in routine SNN line 1244 in file
                '../01_RTL/SNN_wocg.v'.
===============================================================================
|    Register Name    |   Type    | Width | Bus | MB | AR | AS | SR | SS | ST |
===============================================================================
|     max_reg_reg     | Flip-flop |  32   |  Y  | N  | Y  | N  | N  | N  | N  |
===============================================================================

Inferred memory devices in process
        in routine SNN line 1248 in file
                '../01_RTL/SNN_wocg.v'.
===============================================================================
|    Register Name    |   Type    | Width | Bus | MB | AR | AS | SR | SS | ST |
===============================================================================
|     min_reg_reg     | Flip-flop |  32   |  Y  | N  | Y  | N  | N  | N  | N  |
===============================================================================

Inferred memory devices in process
        in routine SNN line 1261 in file
                '../01_RTL/SNN_wocg.v'.
===============================================================================
|    Register Name    |   Type    | Width | Bus | MB | AR | AS | SR | SS | ST |
===============================================================================
|      add_a_reg      | Flip-flop |  32   |  Y  | N  | Y  | N  | N  | N  | N  |
===============================================================================

Inferred memory devices in process
        in routine SNN line 1265 in file
                '../01_RTL/SNN_wocg.v'.
===============================================================================
|    Register Name    |   Type    | Width | Bus | MB | AR | AS | SR | SS | ST |
===============================================================================
|      add_b_reg      | Flip-flop |  32   |  Y  | N  | Y  | N  | N  | N  | N  |
===============================================================================

Inferred memory devices in process
        in routine SNN line 1278 in file
                '../01_RTL/SNN_wocg.v'.
===============================================================================
|    Register Name    |   Type    | Width | Bus | MB | AR | AS | SR | SS | ST |
===============================================================================
|      d0_a_reg       | Flip-flop |  32   |  Y  | N  | Y  | N  | N  | N  | N  |
===============================================================================

Inferred memory devices in process
        in routine SNN line 1282 in file
                '../01_RTL/SNN_wocg.v'.
===============================================================================
|    Register Name    |   Type    | Width | Bus | MB | AR | AS | SR | SS | ST |
===============================================================================
|      d0_b_reg       | Flip-flop |  32   |  Y  | N  | Y  | N  | N  | N  | N  |
===============================================================================

Inferred memory devices in process
        in routine SNN line 1287 in file
                '../01_RTL/SNN_wocg.v'.
===============================================================================
|    Register Name    |   Type    | Width | Bus | MB | AR | AS | SR | SS | ST |
===============================================================================
|   scaled_reg_reg    | Flip-flop |  32   |  Y  | N  | Y  | N  | N  | N  | N  |
===============================================================================

Inferred memory devices in process
        in routine SNN line 1308 in file
                '../01_RTL/SNN_wocg.v'.
===============================================================================
|    Register Name    |   Type    | Width | Bus | MB | AR | AS | SR | SS | ST |
===============================================================================
|      s2_a_reg       | Flip-flop |  32   |  Y  | N  | Y  | N  | N  | N  | N  |
===============================================================================

Inferred memory devices in process
        in routine SNN line 1312 in file
                '../01_RTL/SNN_wocg.v'.
===============================================================================
|    Register Name    |   Type    | Width | Bus | MB | AR | AS | SR | SS | ST |
===============================================================================
|      s2_b_reg       | Flip-flop |  32   |  Y  | N  | Y  | N  | N  | N  | N  |
===============================================================================

Inferred memory devices in process
        in routine SNN line 1316 in file
                '../01_RTL/SNN_wocg.v'.
===============================================================================
|    Register Name    |   Type    | Width | Bus | MB | AR | AS | SR | SS | ST |
===============================================================================
|      a6_a_reg       | Flip-flop |  32   |  Y  | N  | Y  | N  | N  | N  | N  |
===============================================================================

Inferred memory devices in process
        in routine SNN line 1320 in file
                '../01_RTL/SNN_wocg.v'.
===============================================================================
|    Register Name    |   Type    | Width | Bus | MB | AR | AS | SR | SS | ST |
===============================================================================
|      a6_b_reg       | Flip-flop |  32   |  Y  | N  | Y  | N  | N  | N  | N  |
===============================================================================

Inferred memory devices in process
        in routine SNN line 1324 in file
                '../01_RTL/SNN_wocg.v'.
===============================================================================
|    Register Name    |   Type    | Width | Bus | MB | AR | AS | SR | SS | ST |
===============================================================================
|      d1_a_reg       | Flip-flop |  32   |  Y  | N  | Y  | N  | N  | N  | N  |
===============================================================================

Inferred memory devices in process
        in routine SNN line 1328 in file
                '../01_RTL/SNN_wocg.v'.
===============================================================================
|    Register Name    |   Type    | Width | Bus | MB | AR | AS | SR | SS | ST |
===============================================================================
|      d1_b_reg       | Flip-flop |  32   |  Y  | N  | Y  | N  | N  | N  | N  |
===============================================================================

Inferred memory devices in process
        in routine SNN line 1344 in file
                '../01_RTL/SNN_wocg.v'.
===============================================================================
|    Register Name    |   Type    | Width | Bus | MB | AR | AS | SR | SS | ST |
===============================================================================
|      a7_a_reg       | Flip-flop |  32   |  Y  | N  | Y  | N  | N  | N  | N  |
===============================================================================

Inferred memory devices in process
        in routine SNN line 1348 in file
                '../01_RTL/SNN_wocg.v'.
===============================================================================
|    Register Name    |   Type    | Width | Bus | MB | AR | AS | SR | SS | ST |
===============================================================================
|    a7_z_reg_reg     | Flip-flop |  32   |  Y  | N  | Y  | N  | N  | N  | N  |
===============================================================================

Inferred memory devices in process
        in routine SNN line 1357 in file
                '../01_RTL/SNN_wocg.v'.
===============================================================================
|    Register Name    |   Type    | Width | Bus | MB | AR | AS | SR | SS | ST |
===============================================================================
|    out_valid_reg    | Flip-flop |   1   |  N  | N  | Y  | N  | N  | N  | N  |
===============================================================================

Inferred memory devices in process
        in routine SNN line 1361 in file
                '../01_RTL/SNN_wocg.v'.
===============================================================================
|    Register Name    |   Type    | Width | Bus | MB | AR | AS | SR | SS | ST |
===============================================================================
|       out_reg       | Flip-flop |  32   |  Y  | N  | Y  | N  | N  | N  | N  |
===============================================================================
Presto compilation completed successfully. (SNN)
Elaborated 1 design.
Current design is now 'SNN'.
1
current_design $DESIGN
Current design is 'SNN'.
{SNN}
link

  Linking design 'SNN'
  Using the following designs and libraries:
  --------------------------------------------------------------------------
  SNN                         /RAID2/COURSE/iclab/iclab122/Lab08/EXERCISE_wocg/02_SYN/SNN.db
  fsa0m_a_generic_core_ss1p62v125c (library) /RAID2/COURSE/BackUp/2023_Spring/iclab/iclabta01/UMC018_CBDK/CIC/SynopsysDC/db/fsa0m_a_generic_core_ss1p62v125c.db
  fsa0m_a_generic_core_ff1p98vm40c (library) /RAID2/COURSE/BackUp/2023_Spring/iclab/iclabta01/UMC018_CBDK/CIC/SynopsysDC/db/fsa0m_a_generic_core_ff1p98vm40c.db
  fsa0m_a_t33_generic_io_ss1p62v125c (library) /RAID2/COURSE/BackUp/2023_Spring/iclab/iclabta01/UMC018_CBDK/CIC/SynopsysDC/db/fsa0m_a_t33_generic_io_ss1p62v125c.db
  fsa0m_a_t33_generic_io_tt1p8v25c (library) /RAID2/COURSE/BackUp/2023_Spring/iclab/iclabta01/UMC018_CBDK/CIC/SynopsysDC/db/fsa0m_a_t33_generic_io_tt1p8v25c.db
  dw_foundation.sldb (library) /usr/cad/synopsys/synthesis/cur/libraries/syn/dw_foundation.sldb

1
#======================================================
#  (C) Global Setting
#======================================================
#set_wire_load_mode top
#set_wire_load_model -name umc18_wl10 -library slow
#set_operating_conditions -min fast  -max slow
#======================================================
#  (D) Set Design Constraints
#======================================================
create_clock -name "clk" -period $CYCLE clk 
1
set_input_delay  [ expr $CYCLE*0.5 ] -clock clk [all_inputs]
1
set_output_delay [ expr $CYCLE*0.5 ] -clock clk [all_outputs]
1
set_input_delay 0 -clock clk clk
1
set_input_delay 0 -clock clk rst_n
1
set_load 0.05 [all_outputs]
1
set_max_delay $CYCLE -from [all_inputs] -to [all_outputs]
1
#======================================================
#  (E) Optimization
#======================================================
check_design > Report/$DESIGN\.check
set_fix_multiple_port_nets -all -buffer_constants 
1
compile_ultra
Information: Performing power optimization. (PWR-850)
Alib files are up-to-date.
Information: Running optimization using a maximum of 8 cores. (OPT-1500)
Information: Evaluating DesignWare library utilization. (UISN-27)

============================================================================
| DesignWare Building Block Library  |         Version         | Available |
============================================================================
| Basic DW Building Blocks           | S-2021.06-DWBB_202106.0 |     *     |
| Licensed DW Building Blocks        | S-2021.06-DWBB_202106.0 |     *     |
============================================================================

====================================================================================================
| Flow Information                                                                                 |
----------------------------------------------------------------------------------------------------
| Flow         | Design Compiler NXT WLM                                                           |
| Comand line  | compile_ultra                                                                     |
====================================================================================================
| Design Information                                      | Value                                  |
====================================================================================================
| Number of Scenarios                                     | 0                                      |
| Leaf Cell Count                                         | 6396                                   |
| Number of User Hierarchies                              | 0                                      |
| Sequential Cell Count                                   | 4075                                   |
| Macro Count                                             | 0                                      |
| Number of Power Domains                                 | 0                                      |
| Number of Path Groups                                   | 2                                      |
| Number of VT class                                      | 0                                      |
| Number of Clocks                                        | 1                                      |
| Number of Dont Touch cells                              | 838                                    |
| Number of Dont Touch nets                               | 0                                      |
| Number of size only cells                               | 0                                      |
| Design with UPF Data                                    | false                                  |
----------------------------------------------------------------------------------------------------
| Variables                                               | Value                                  |
----------------------------------------------------------------------------------------------------
| set_fix_multiple_port_nets                              | -all -buffer_constants                 |
====================================================================================================
Information: Sequential output inversion is enabled.  SVF file must be used for formal verification. (OPT-1208)

Information: There are 37 potential problems in your design. Please run 'check_design' for more information. (LINT-99)

  Simplifying Design 'SNN'

  Loading target library 'fsa0m_a_generic_core_ff1p98vm40c'
  Loading target library 'fsa0m_a_t33_generic_io_ss1p62v125c'
  Loading target library 'fsa0m_a_t33_generic_io_tt1p8v25c'
Loaded alib file './alib-52/fsa0m_a_generic_core_ss1p62v125c.db.alib'
Loaded alib file './alib-52/fsa0m_a_generic_core_ff1p98vm40c.db.alib'
Loaded alib file './alib-52/fsa0m_a_t33_generic_io_ss1p62v125c.db.alib' (placeholder)
Loaded alib file './alib-52/fsa0m_a_t33_generic_io_tt1p8v25c.db.alib' (placeholder)
Warning: Operating condition WCCOM set on design SNN has different process,
voltage and temperatures parameters than the parameters at which target library 
fsa0m_a_generic_core_ff1p98vm40c is characterized. Delays may be inaccurate as a result. (OPT-998)
  Building model 'DW01_NAND2'
Information: Ungrouping 0 of 1 hierarchies before Pass 1 (OPT-775)
Information: State dependent leakage is now switched from on to off.

  Beginning Pass 1 Mapping
  ------------------------
  Processing 'SNN'
Information: Added key list 'DesignWare' to design 'SNN'. (DDB-72)
Information: The register 'a7_a_reg[31]' is a constant and will be removed. (OPT-1206)
Information: In design 'SNN', the register 's2_b_reg[31]' is removed because it is merged to 'a6_b_reg[31]'. (OPT-1215)
Information: In design 'SNN', the register 's2_b_reg[30]' is removed because it is merged to 'a6_b_reg[30]'. (OPT-1215)
Information: In design 'SNN', the register 's2_b_reg[29]' is removed because it is merged to 'a6_b_reg[29]'. (OPT-1215)
Information: In design 'SNN', the register 's2_b_reg[28]' is removed because it is merged to 'a6_b_reg[28]'. (OPT-1215)
Information: In design 'SNN', the register 's2_b_reg[27]' is removed because it is merged to 'a6_b_reg[27]'. (OPT-1215)
Information: In design 'SNN', the register 's2_b_reg[26]' is removed because it is merged to 'a6_b_reg[26]'. (OPT-1215)
Information: In design 'SNN', the register 's2_b_reg[25]' is removed because it is merged to 'a6_b_reg[25]'. (OPT-1215)
Information: In design 'SNN', the register 's2_b_reg[24]' is removed because it is merged to 'a6_b_reg[24]'. (OPT-1215)
Information: In design 'SNN', the register 's2_b_reg[23]' is removed because it is merged to 'a6_b_reg[23]'. (OPT-1215)
Information: In design 'SNN', the register 's2_b_reg[22]' is removed because it is merged to 'a6_b_reg[22]'. (OPT-1215)
Information: In design 'SNN', the register 's2_b_reg[21]' is removed because it is merged to 'a6_b_reg[21]'. (OPT-1215)
Information: In design 'SNN', the register 's2_b_reg[20]' is removed because it is merged to 'a6_b_reg[20]'. (OPT-1215)
Information: In design 'SNN', the register 's2_b_reg[19]' is removed because it is merged to 'a6_b_reg[19]'. (OPT-1215)
Information: In design 'SNN', the register 's2_b_reg[18]' is removed because it is merged to 'a6_b_reg[18]'. (OPT-1215)
Information: In design 'SNN', the register 's2_b_reg[17]' is removed because it is merged to 'a6_b_reg[17]'. (OPT-1215)
Information: In design 'SNN', the register 's2_b_reg[16]' is removed because it is merged to 'a6_b_reg[16]'. (OPT-1215)
Information: In design 'SNN', the register 's2_b_reg[15]' is removed because it is merged to 'a6_b_reg[15]'. (OPT-1215)
Information: In design 'SNN', the register 's2_b_reg[14]' is removed because it is merged to 'a6_b_reg[14]'. (OPT-1215)
Information: In design 'SNN', the register 's2_b_reg[13]' is removed because it is merged to 'a6_b_reg[13]'. (OPT-1215)
Information: In design 'SNN', the register 's2_b_reg[12]' is removed because it is merged to 'a6_b_reg[12]'. (OPT-1215)
Information: In design 'SNN', the register 's2_b_reg[11]' is removed because it is merged to 'a6_b_reg[11]'. (OPT-1215)
Information: In design 'SNN', the register 's2_b_reg[10]' is removed because it is merged to 'a6_b_reg[10]'. (OPT-1215)
Information: In design 'SNN', the register 's2_b_reg[9]' is removed because it is merged to 'a6_b_reg[9]'. (OPT-1215)
Information: In design 'SNN', the register 's2_b_reg[8]' is removed because it is merged to 'a6_b_reg[8]'. (OPT-1215)
Information: In design 'SNN', the register 's2_b_reg[7]' is removed because it is merged to 'a6_b_reg[7]'. (OPT-1215)
Information: In design 'SNN', the register 's2_b_reg[6]' is removed because it is merged to 'a6_b_reg[6]'. (OPT-1215)
Information: In design 'SNN', the register 's2_b_reg[5]' is removed because it is merged to 'a6_b_reg[5]'. (OPT-1215)
Information: In design 'SNN', the register 's2_b_reg[4]' is removed because it is merged to 'a6_b_reg[4]'. (OPT-1215)
Information: In design 'SNN', the register 's2_b_reg[3]' is removed because it is merged to 'a6_b_reg[3]'. (OPT-1215)
Information: In design 'SNN', the register 's2_b_reg[2]' is removed because it is merged to 'a6_b_reg[2]'. (OPT-1215)
Information: In design 'SNN', the register 's2_b_reg[1]' is removed because it is merged to 'a6_b_reg[1]'. (OPT-1215)
Information: In design 'SNN', the register 's2_b_reg[0]' is removed because it is merged to 'a6_b_reg[0]'. (OPT-1215)
 Implement Synthetic for 'SNN'.
  Processing 'SNN_DW_fp_addsub_J1_0'
  Processing 'SNN_DW_lzd_J1_0'
  Processing 'SNN_DW_fp_addsub_J1_1'
  Processing 'SNN_DW_lzd_J1_1'
  Processing 'SNN_DW_fp_div_J1_0'
  Processing 'SNN_DW_div_J1_0'
  Processing 'SNN_DW_fp_addsub_J1_2'
  Processing 'SNN_DW_lzd_J1_2'
  Processing 'SNN_DW_fp_addsub_J1_3'
  Processing 'SNN_DW_lzd_J1_3'
  Processing 'SNN_DW_fp_exp_J1_0'
  Processing 'SNN_DW_exp2_J1_0'
  Processing 'SNN_DW_fp_exp_J1_1'
  Processing 'SNN_DW_exp2_J1_1'
  Processing 'SNN_DW_fp_div_J1_1'
  Processing 'SNN_DW_div_J1_1'
  Processing 'SNN_DW_fp_addsub_J1_4'
  Processing 'SNN_DW_lzd_J1_4'
  Processing 'SNN_DW_fp_addsub_J1_5'
  Processing 'SNN_DW_lzd_J1_5'
  Processing 'SNN_DW_fp_addsub_J1_6'
  Processing 'SNN_DW_lzd_J1_6'
  Processing 'SNN_DW_fp_mult_J1_0'
  Processing 'SNN_DW_lzd_J1_7'
  Processing 'SNN_DW_lzd_J1_8'
  Processing 'SNN_DW_fp_mult_J1_1'
  Processing 'SNN_DW_lzd_J1_9'
  Processing 'SNN_DW_lzd_J1_10'
  Processing 'SNN_DW_fp_cmp_J1_0'
  Processing 'SNN_DW_fp_cmp_J1_1'
  Processing 'SNN_DW_fp_div_J1_2'
  Processing 'SNN_DW_div_J1_2'
  Processing 'SNN_DW_fp_sum3_J1_0'
  Processing 'SNN_DW_lzd_J1_11'
  Processing 'SNN_DW_fp_sum3_J1_1'
  Processing 'SNN_DW_lzd_J1_12'
  Processing 'SNN_DW_fp_sum3_J1_2'
  Processing 'SNN_DW_lzd_J1_13'
  Processing 'SNN_DW_fp_sum3_J1_3'
  Processing 'SNN_DW_lzd_J1_14'
  Processing 'SNN_DW_fp_addsub_J1_7'
  Processing 'SNN_DW_lzd_J1_15'
  Processing 'SNN_DW_fp_sum3_J1_4'
  Processing 'SNN_DW_lzd_J1_16'
  Processing 'SNN_DW_fp_sum3_J1_5'
  Processing 'SNN_DW_lzd_J1_17'
  Processing 'SNN_DW_fp_sum3_J1_6'
  Processing 'SNN_DW_lzd_J1_18'
  Processing 'SNN_DW_fp_sum3_J1_7'
  Processing 'SNN_DW_lzd_J1_19'
  Processing 'SNN_DW_fp_mult_J1_2'
  Processing 'SNN_DW_lzd_J1_20'
  Processing 'SNN_DW_lzd_J1_21'
  Processing 'SNN_DW_fp_mult_J1_3'
  Processing 'SNN_DW_lzd_J1_22'
  Processing 'SNN_DW_lzd_J1_23'
  Processing 'SNN_DW_fp_mult_J1_4'
  Processing 'SNN_DW_lzd_J1_24'
  Processing 'SNN_DW_lzd_J1_25'
  Processing 'SNN_DW_fp_mult_J1_5'
  Processing 'SNN_DW_lzd_J1_26'
  Processing 'SNN_DW_lzd_J1_27'
  Processing 'SNN_DW_fp_mult_J1_6'
  Processing 'SNN_DW_lzd_J1_28'
  Processing 'SNN_DW_lzd_J1_29'
  Processing 'SNN_DW_fp_mult_J1_7'
  Processing 'SNN_DW_lzd_J1_30'
  Processing 'SNN_DW_lzd_J1_31'
  Processing 'SNN_DW_fp_mult_J1_8'
  Processing 'SNN_DW_lzd_J1_32'
  Processing 'SNN_DW_lzd_J1_33'
  Processing 'SNN_DW_fp_mult_J1_9'
  Processing 'SNN_DW_lzd_J1_34'
  Processing 'SNN_DW_lzd_J1_35'
  Processing 'SNN_DW_fp_mult_J1_10'
  Processing 'SNN_DW_lzd_J1_36'
  Processing 'SNN_DW_lzd_J1_37'
Information: The register 's2_a_reg[31]' is a constant and will be removed. (OPT-1206)
Information: The register 'a6_b_reg[31]' is a constant and will be removed. (OPT-1206)

  Updating timing information
Information: Updating design information... (UID-85)
Information: The library cell 'TIE1' in the library 'fsa0m_a_generic_core_ss1p62v125c' is not characterized for internal power. (PWR-536)
Information: The library cell 'TIE0' in the library 'fsa0m_a_generic_core_ss1p62v125c' is not characterized for internal power. (PWR-536)
Information: The library cell 'BHD1' in the library 'fsa0m_a_generic_core_ss1p62v125c' is not characterized for internal power. (PWR-536)
Information: The target library(s) contains cell(s), other than black boxes, that are not characterized for internal power. (PWR-24)
Information: The register 'a6_a_reg[31]' is a constant and will be removed. (OPT-1206)
Information: The register 'd1_b_reg[31]' is a constant and will be removed. (OPT-1206)
Information: The register 'out_reg[31]' is a constant and will be removed. (OPT-1206)
Information: The register 'a7_z_reg_reg[31]' is a constant and will be removed. (OPT-1206)

  Beginning Mapping Optimizations  (Ultra High effort)
  -------------------------------
Information: Updating design information... (UID-85)
......
  Mapping Optimization (Phase 1)

                                  TOTAL                                                
   ELAPSED            WORST NEG   SETUP    DESIGN                              LEAKAGE 
    TIME      AREA      SLACK     COST    RULE COST         ENDPOINT            POWER  
  --------- --------- --------- --------- --------- ------------------------- ---------
    0:09:45 2165620.8     23.20   16579.4   48485.2                           128139920.0000
    0:09:49 2165042.7     23.20   16240.0   48482.9                           128106584.0000

  Beginning Constant Register Removal
  -----------------------------------
    0:09:52 2165358.3     23.20   16194.0   48482.9                           128144128.0000
    0:09:55 2165358.3     23.20   16194.0   48482.9                           128144128.0000

  Beginning Global Optimizations
  ------------------------------
  Numerical Synthesis (Phase 1)
  Numerical Synthesis (Phase 2)
  Global Optimization (Phase 1)
  Global Optimization (Phase 2)
  Global Optimization (Phase 3)
  Global Optimization (Phase 4)
  Global Optimization (Phase 5)
  Global Optimization (Phase 6)
  Global Optimization (Phase 7)
  Global Optimization (Phase 8)
  Global Optimization (Phase 9)
  Global Optimization (Phase 10)
  Global Optimization (Phase 11)
  Global Optimization (Phase 12)
  Global Optimization (Phase 13)
  Global Optimization (Phase 14)
  Global Optimization (Phase 15)
  Global Optimization (Phase 16)
  Global Optimization (Phase 17)
  Global Optimization (Phase 18)
  Global Optimization (Phase 19)
  Global Optimization (Phase 20)
  Global Optimization (Phase 21)
  Global Optimization (Phase 22)
  Global Optimization (Phase 23)
  Global Optimization (Phase 24)
  Global Optimization (Phase 25)
  Global Optimization (Phase 26)
  Global Optimization (Phase 27)
  Global Optimization (Phase 28)
  Global Optimization (Phase 29)
  Global Optimization (Phase 30)
  Global Optimization (Phase 31)
IIS skip last gasp for D1

  Beginning Isolate Ports
  -----------------------

  Beginning Delay Optimization
  ----------------------------
    0:10:32 2301299.6     29.49   10438.3   12353.0                           129293320.0000
    0:10:39 2359533.4      0.00       0.0   13062.2                           135815712.0000
    0:10:39 2359533.4      0.00       0.0   13062.2                           135815712.0000
    0:10:39 2359533.4      0.00       0.0   13062.2                           135815712.0000
    0:12:20 2348840.3      1.43     214.8   13030.8                           135177520.0000
    0:12:28 2345262.4      1.43     328.5   13114.8                           134898176.0000

  Beginning WLM Backend Optimization
  --------------------------------------
    0:14:17 2334444.3      1.09     181.2   12726.5                           134107256.0000
    0:14:21 2322051.4      1.08     188.0   12662.8                           133057360.0000
    0:14:23 2311470.8      1.07     175.9   12588.7                           132165704.0000
    0:14:27 2297762.3      1.02     178.5   12184.8                           130824728.0000
    0:14:30 2288047.3      1.00     137.9   11721.2                           129948440.0000
    0:14:30 2287831.7      1.00     138.7   11721.2                           129926088.0000
    0:14:31 2284928.8      0.00       0.0   11902.7                           129743496.0000
    0:14:31 2284928.8      0.00       0.0   11902.7                           129743496.0000
    0:14:45 2183963.4      0.00       0.0    9197.7                           121625328.0000
    0:14:46 2183963.4      0.00       0.0    9197.7                           121625328.0000
    0:14:46 2183963.4      0.00       0.0    9197.7                           121625328.0000
    0:14:46 2183963.4      0.00       0.0    9197.7                           121625328.0000
    0:14:46 2183963.4      0.00       0.0    9197.7                           121625328.0000
    0:14:46 2183963.4      0.00       0.0    9197.7                           121625328.0000
    0:14:46 2183963.4      0.00       0.0    9197.7                           121625328.0000
    0:14:46 2183963.4      0.00       0.0    9197.7                           121625328.0000
    0:14:46 2183963.4      0.00       0.0    9197.7                           121625328.0000
    0:14:46 2183963.4      0.00       0.0    9197.7                           121625328.0000
    0:14:46 2183963.4      0.00       0.0    9197.7                           121625328.0000
    0:14:46 2183963.4      0.00       0.0    9197.7                           121625328.0000
    0:14:46 2183963.4      0.00       0.0    9197.7                           121625328.0000
    0:14:46 2183963.4      0.00       0.0    9197.7                           121625328.0000
    0:14:46 2183963.4      0.00       0.0    9197.7                           121625328.0000
    0:14:46 2183963.4      0.00       0.0    9197.7                           121625328.0000
    0:14:46 2183963.4      0.00       0.0    9197.7                           121625328.0000
    0:14:46 2183963.4      0.00       0.0    9197.7                           121625328.0000
    0:14:46 2183963.4      0.00       0.0    9197.7                           121625328.0000


  Beginning Design Rule Fixing  (max_transition)  (max_capacitance)
  ----------------------------

                                  TOTAL                                                
   ELAPSED            WORST NEG   SETUP    DESIGN                              LEAKAGE 
    TIME      AREA      SLACK     COST    RULE COST         ENDPOINT            POWER  
  --------- --------- --------- --------- --------- ------------------------- ---------
    0:14:46 2183963.4      0.00       0.0    9197.7                           121625328.0000
  Global Optimization (Phase 32)
  Global Optimization (Phase 33)
  Global Optimization (Phase 34)
    0:14:53 2193219.0      0.00       0.0     176.7 net220854                 122333672.0000
    0:14:54 2194050.2      0.00       0.0      73.8                           122402336.0000
    0:14:54 2194050.2      0.00       0.0      73.8                           122402336.0000


  Beginning Leakage Power Optimization  (max_leakage_power 0)
  ------------------------------------

                                  TOTAL                                                
   ELAPSED            WORST NEG   SETUP    DESIGN                              LEAKAGE 
    TIME      AREA      SLACK     COST    RULE COST         ENDPOINT            POWER  
  --------- --------- --------- --------- --------- ------------------------- ---------
    0:14:54 2194050.2      0.00       0.0      73.8                           122402336.0000
  Global Optimization (Phase 35)
  Global Optimization (Phase 36)
  Global Optimization (Phase 37)
  Global Optimization (Phase 38)
  Global Optimization (Phase 39)
  Global Optimization (Phase 40)
  Global Optimization (Phase 41)
  Global Optimization (Phase 42)
  Global Optimization (Phase 43)
  Global Optimization (Phase 44)
  Global Optimization (Phase 45)
  Global Optimization (Phase 46)
  Global Optimization (Phase 47)
  Global Optimization (Phase 48)
  Global Optimization (Phase 49)
  Global Optimization (Phase 50)
    0:15:28 2072608.0      0.00       0.0      36.0                           111437208.0000
    0:15:28 2072608.0      0.00       0.0      36.0                           111437208.0000
    0:15:28 2072608.0      0.00       0.0      36.0                           111437208.0000
    0:15:35 2039332.0      0.00       0.0      86.0                           108974704.0000
    0:15:35 2039332.0      0.00       0.0      86.0                           108974704.0000
    0:15:35 2038853.9      0.00       0.0      86.0                           108943456.0000
    0:15:35 2038853.9      0.00       0.0      86.0                           108943456.0000
    0:15:35 2038853.9      0.00       0.0      86.0                           108943456.0000
    0:15:35 2038853.9      0.00       0.0      86.0                           108943456.0000
    0:15:35 2038853.9      0.00       0.0      86.0                           108943456.0000
    0:15:35 2038853.9      0.00       0.0      86.0                           108943456.0000
    0:15:35 2038853.9      0.00       0.0      86.0                           108943456.0000
    0:15:35 2038853.9      0.00       0.0      86.0                           108943456.0000
    0:15:35 2038853.9      0.00       0.0      86.0                           108943456.0000
    0:15:35 2038853.9      0.00       0.0      86.0                           108943456.0000
    0:15:35 2038853.9      0.00       0.0      86.0                           108943456.0000
    0:15:35 2038853.9      0.00       0.0      86.0                           108943456.0000
    0:15:35 2038853.9      0.00       0.0      86.0                           108943456.0000
    0:15:35 2038853.9      0.00       0.0      86.0                           108943456.0000
    0:15:35 2038853.9      0.00       0.0      86.0                           108943456.0000
    0:15:35 2038853.9      0.00       0.0      86.0                           108943456.0000
    0:15:35 2038853.9      0.00       0.0      86.0                           108943456.0000

                                  TOTAL                                                
   ELAPSED            WORST NEG   SETUP    DESIGN                              LEAKAGE 
    TIME      AREA      SLACK     COST    RULE COST         ENDPOINT            POWER  
  --------- --------- --------- --------- --------- ------------------------- ---------
    0:15:38 2038860.1      0.00       0.0      86.0                           108943840.0000
    0:15:48 1999597.0      0.04       0.8      93.7                           105805232.0000
    0:15:48 1999606.4      0.00       0.0      93.7                           105805728.0000
    0:15:48 1999606.4      0.00       0.0      93.7                           105805728.0000
    0:15:53 1995872.3      0.00       0.0     362.4                           105517120.0000
    0:15:55 1995062.9      0.00       0.0     362.3                           105444024.0000
    0:15:59 1992441.2      0.00       0.0     362.2                           105221176.0000
    0:16:03 1987910.3      0.00       0.0     362.1                           104830888.0000
    0:16:05 1988035.3      0.00       0.0      70.8 net221775                 104835184.0000
    0:16:06 1988513.4      0.00       0.0      63.8                           104867720.0000
    0:16:06 1988513.4      0.00       0.0      63.8                           104867720.0000
    0:16:06 1988513.4      0.00       0.0      63.8                           104867720.0000
    0:16:06 1988513.4      0.00       0.0      63.8                           104867720.0000
    0:16:06 1988519.6      0.00       0.0      63.8                           104868104.0000
    0:16:06 1988519.6      0.00       0.0      63.8                           104868104.0000
    0:16:28 1950190.8      0.00       0.0      66.1                           101727488.0000
Loading db file '/RAID2/COURSE/BackUp/2023_Spring/iclab/iclabta01/UMC018_CBDK/CIC/SynopsysDC/db/fsa0m_a_generic_core_ss1p62v125c.db'
Loading db file '/RAID2/COURSE/BackUp/2023_Spring/iclab/iclabta01/UMC018_CBDK/CIC/SynopsysDC/db/fsa0m_a_generic_core_ff1p98vm40c.db'
Loading db file '/RAID2/COURSE/BackUp/2023_Spring/iclab/iclabta01/UMC018_CBDK/CIC/SynopsysDC/db/fsa0m_a_t33_generic_io_ss1p62v125c.db'
Loading db file '/RAID2/COURSE/BackUp/2023_Spring/iclab/iclabta01/UMC018_CBDK/CIC/SynopsysDC/db/fsa0m_a_t33_generic_io_tt1p8v25c.db'


Note: Symbol # after min delay cost means estimated hold TNS across all active scenarios 


  Optimization Complete
  ---------------------
Warning: Design 'SNN' contains 2 high-fanout nets. A fanout number of 1000 will be used for delay calculations involving these nets. (TIM-134)
     Net 'clk': 4036 load(s), 1 driver(s)
     Net 'rst_n': 4036 load(s), 1 driver(s)
  Loading target library 'fsa0m_a_generic_core_ff1p98vm40c'
  Loading target library 'fsa0m_a_t33_generic_io_ss1p62v125c'
  Loading target library 'fsa0m_a_t33_generic_io_tt1p8v25c'
Information: State dependent leakage is now switched from off to on.
Information: Propagating switching activity (low effort zero delay simulation). (PWR-6)
1
#uniquify
#compile
#======================================================
#  (F) Output Reports 
#======================================================
report_design  >  Report/$DESIGN\.design
report_resource >  Report/$DESIGN\.resource
report_timing -max_paths 3 >  Report/$DESIGN\.timing
report_area >  Report/$DESIGN\.area
report_power > Report/$DESIGN\.power
report_clock > Report/$DESIGN\.clock
report_port >  Report/$DESIGN\.port
report_power >  Report/$DESIGN\.power
#report_reference > Report/$DESIGN\.reference
#======================================================
#  (G) Change Naming Rule
#======================================================
set bus_inference_style "%s\[%d\]"
%s[%d]
set bus_naming_style "%s\[%d\]"
%s[%d]
set hdlout_internal_busses true
true
change_names -hierarchy -rule verilog
1
define_name_rules name_rule -allowed "a-z A-Z 0-9 _" -max_length 255 -type cell
1
define_name_rules name_rule -allowed "a-z A-Z 0-9 _[]" -max_length 255 -type net
1
define_name_rules name_rule -map {{"\\*cell\\*" "cell"}}
1
define_name_rules name_rule -case_insensitive
1
change_names -hierarchy -rules name_rule
1
#======================================================
#  (H) Output Results
#======================================================
set verilogout_higher_designs_first true
true
write -format verilog -output Netlist/$DESIGN\_SYN.v -hierarchy
Writing verilog file '/RAID2/COURSE/iclab/iclab122/Lab08/EXERCISE_wocg/02_SYN/Netlist/SNN_SYN.v'.
1
write -format ddc     -hierarchy -output $DESIGN\_SYN.ddc
Writing ddc file 'SNN_SYN.ddc'.
1
write_sdf -version 3.0 -context verilog -load_delay cell Netlist/$DESIGN\_SYN.sdf -significant_digits 6
Information: Writing timing information to file '/RAID2/COURSE/iclab/iclab122/Lab08/EXERCISE_wocg/02_SYN/Netlist/SNN_SYN.sdf'. (WT-3)
Information: Updating design information... (UID-85)
Warning: Design 'SNN' contains 2 high-fanout nets. A fanout number of 1000 will be used for delay calculations involving these nets. (TIM-134)
1
write_sdc Netlist/$DESIGN\_SYN.sdc
1
#======================================================
#  (I) Finish and Quit
#======================================================
report_area
 
****************************************
Report : area
Design : SNN
Version: T-2022.03
Date   : Sun Nov 19 16:30:28 2023
****************************************

Library(s) Used:

    fsa0m_a_generic_core_ss1p62v125c (File: /RAID2/COURSE/BackUp/2023_Spring/iclab/iclabta01/UMC018_CBDK/CIC/SynopsysDC/db/fsa0m_a_generic_core_ss1p62v125c.db)

Number of ports:                          134
Number of nets:                         86313
Number of cells:                        76743
Number of combinational cells:          72707
Number of sequential cells:              4036
Number of macros/black boxes:               0
Number of buf/inv:                       6910
Number of references:                     199

Combinational area:            1710199.925870
Buf/Inv area:                    67236.321246
Noncombinational area:          239990.891701
Macro/Black Box area:                0.000000
Net Interconnect area:      undefined  (Wire load has zero net area)

Total cell area:               1950190.817571
Total area:                 undefined
1
report_timing 
 
****************************************
Report : timing
        -path full
        -delay max
        -max_paths 1
Design : SNN
Version: T-2022.03
Date   : Sun Nov 19 16:30:28 2023
****************************************

 # A fanout number of 1000 was used for high fanout net computations.

Operating Conditions: WCCOM   Library: fsa0m_a_generic_core_ss1p62v125c
Wire Load Model Mode: enclosed

  Startpoint: cnt_reg_2_ (rising edge-triggered flip-flop clocked by clk)
  Endpoint: sum_a_reg_3__18_
            (rising edge-triggered flip-flop clocked by clk)
  Path Group: clk
  Path Type: max

  Des/Clust/Port     Wire Load Model       Library
  ------------------------------------------------
  SNN                enG500K               fsa0m_a_generic_core_ss1p62v125c

  Point                                    Incr       Path
  -----------------------------------------------------------
  clock clk (rise edge)                    0.00       0.00
  clock network delay (ideal)              0.00       0.00
  cnt_reg_2_/CK (QDFFRBT)                  0.00 #     0.00 r
  cnt_reg_2_/Q (QDFFRBT)                   0.81       0.81 r
  U57686/O (INV12)                         0.15       0.96 f
  U54558/O (NR2T)                          0.52       1.48 r
  U67181/O (ND2F)                          0.24       1.73 f
  U71302/O (NR2F)                          0.66       2.39 r
  U71303/O (ND2F)                          0.28       2.67 f
  U71304/O (INV12)                         0.39       3.06 r
  U71305/O (OAI22HT)                       0.23       3.30 f
  U54579/O (INV2)                          1.02       4.32 r
  U55421/O (AOI22S)                        0.40       4.72 f
  U44669/O (OAI112HS)                      0.52       5.23 r
  U55423/O (OAI22S)                        0.54       5.77 f
  U41910/O (OAI112HP)                      0.59       6.36 r
  U53270/O (NR2)                           0.40       6.76 f
  U75749/O (ND3)                           0.48       7.24 r
  U36057/O (NR3)                           0.55       7.79 f
  U36042/O (ND3P)                          0.81       8.60 r
  U41704/O (INV4)                          0.52       9.12 f
  U55640/O (NR2)                           1.33      10.44 r
  U76473/O (INV1S)                         1.25      11.69 f
  U35770/O (MOAI1S)                        1.55      13.24 r
  U76557/O (AOI13H)                        0.27      13.51 f
  U76559/O (OAI222S)                       0.80      14.31 r
  U76560/O (ND3P)                          0.32      14.63 f
  U40889/O (ND3P)                          0.36      14.99 r
  U40857/O (AN4B1)                         0.41      15.40 r
  U37257/O (AN3B2)                         0.40      15.80 f
  U35537/O (OAI112H)                       0.47      16.27 r
  U76598/O (NR2F)                          0.19      16.46 f
  U42910/O (NR2F)                          0.23      16.69 r
  U76659/O (AN3B2T)                        0.42      17.11 f
  U42908/O (XNR2HP)                        0.19      17.30 f
  U76660/CO (FA1)                          0.50      17.80 f
  U76662/CO (FA1)                          0.54      18.34 f
  U76664/CO (FA1)                          0.53      18.88 f
  U76666/CO (FA1)                          0.53      19.41 f
  U76668/CO (FA1)                          0.53      19.95 f
  U76670/CO (FA1)                          0.53      20.48 f
  U76672/CO (FA1)                          0.53      21.02 f
  U76674/CO (FA1)                          0.53      21.55 f
  U76676/CO (FA1)                          0.53      22.08 f
  U76678/CO (FA1)                          0.53      22.62 f
  U76680/CO (FA1)                          0.53      23.15 f
  U76682/CO (FA1)                          0.53      23.69 f
  U76684/CO (FA1)                          0.53      24.22 f
  U76686/CO (FA1)                          0.53      24.76 f
  U76688/CO (FA1)                          0.53      25.29 f
  U76690/CO (FA1)                          0.53      25.83 f
  U76692/CO (FA1)                          0.53      26.36 f
  U76694/CO (FA1)                          0.53      26.90 f
  U76696/CO (FA1)                          0.53      27.43 f
  U76698/CO (FA1)                          0.53      27.97 f
  U76700/CO (FA1)                          0.53      28.50 f
  U76702/CO (FA1)                          0.53      29.04 f
  U76704/CO (FA1)                          0.53      29.57 f
  U76706/CO (FA1)                          0.53      30.11 f
  U76708/CO (FA1)                          0.53      30.64 f
  U76709/CO (FA1)                          0.53      31.18 f
  U76710/CO (FA1)                          0.53      31.71 f
  U76711/CO (FA1)                          0.53      32.25 f
  U76712/CO (FA1)                          0.53      32.78 f
  U76713/CO (FA1)                          0.53      33.32 f
  U76714/CO (FA1)                          0.53      33.85 f
  U76715/CO (FA1)                          0.53      34.39 f
  U76716/CO (FA1)                          0.53      34.92 f
  U76717/CO (FA1)                          0.53      35.46 f
  U76718/CO (FA1)                          0.53      35.99 f
  U76719/CO (FA1)                          0.53      36.53 f
  U76720/CO (FA1)                          0.53      37.06 f
  U76803/CO (FA1)                          0.53      37.60 f
  U76806/CO (FA1)                          0.53      38.13 f
  U76807/CO (FA1)                          0.53      38.67 f
  U76808/CO (FA1)                          0.53      39.20 f
  U76809/CO (FA1)                          0.53      39.74 f
  U76810/CO (FA1)                          0.53      40.27 f
  U76811/CO (FA1)                          0.53      40.81 f
  U76805/CO (FA1)                          0.53      41.34 f
  U76813/CO (FA1)                          0.53      41.88 f
  U76814/CO (FA1)                          0.53      42.41 f
  U76812/CO (FA1)                          0.53      42.95 f
  U76816/CO (FA1)                          0.53      43.48 f
  U76815/CO (FA1)                          0.53      44.02 f
  U76817/CO (FA1)                          0.58      44.60 f
  U55889/O (AO22P)                         0.44      45.04 f
  U76804/O (NR2F)                          0.74      45.78 r
  U42911/O (MUX2T)                         0.57      46.35 r
  U42642/O (INV4)                          0.13      46.49 f
  U54898/O (ND2T)                          0.18      46.66 r
  U76820/O (AN2T)                          0.32      46.98 r
  U76821/O (NR2F)                          0.11      47.09 f
  U54895/O (NR2F)                          0.22      47.32 r
  U42737/O (NR2F)                          0.13      47.44 f
  U42905/O (NR2F)                          0.21      47.65 r
  U76822/O (NR2F)                          0.12      47.77 f
  U42904/O (NR2F)                          0.20      47.97 r
  U76823/O (NR2F)                          0.13      48.10 f
  U42736/O (NR2F)                          0.20      48.30 r
  U76824/O (NR2F)                          0.12      48.42 f
  U42643/O (NR2F)                          0.20      48.62 r
  U76825/O (NR2F)                          0.12      48.74 f
  U76826/O (NR2F)                          0.21      48.95 r
  U42902/O (NR2F)                          0.12      49.08 f
  U54896/O (NR2F)                          0.22      49.30 r
  U76827/O (NR2F)                          0.12      49.42 f
  U54894/O (NR2F)                          0.22      49.64 r
  U54893/O (NR2F)                          0.11      49.75 f
  U38139/O (OA12P)                         0.35      50.10 f
  U76828/O (NR2F)                          0.20      50.30 r
  U76829/O (NR2F)                          0.13      50.42 f
  U76830/O (NR2F)                          0.19      50.61 r
  U39672/O (OA12P)                         0.35      50.96 r
  U76831/O (NR2F)                          0.12      51.08 f
  U76832/O (NR2F)                          0.19      51.27 r
  U39670/O (OA12P)                         0.34      51.61 r
  U76833/O (NR2F)                          0.12      51.73 f
  U76834/O (NR2F)                          0.19      51.92 r
  U42735/O (OA12P)                         0.34      52.26 r
  U76835/O (NR2F)                          0.12      52.38 f
  U76836/O (NR2F)                          0.19      52.57 r
  U44286/O (OA12P)                         0.34      52.92 r
  U76837/O (NR2F)                          0.12      53.04 f
  U76838/O (NR2F)                          0.19      53.22 r
  U56923/O (OA12P)                         0.34      53.57 r
  U76839/O (NR2F)                          0.10      53.67 f
  U39612/O (OA12P)                         0.36      54.03 f
  U76840/O (OAI22HT)                       0.31      54.34 r
  U76841/O (INV12)                         0.19      54.52 f
  U76842/O (INV12)                         0.33      54.85 r
  U42646/O (AOI22H)                        0.33      55.18 f
  U39574/O (ND2P)                          0.38      55.56 r
  U76852/O (MAOI1H)                        0.42      55.98 r
  U33447/O (ND2P)                          0.24      56.22 f
  U37720/O (OR2)                           0.48      56.70 f
  U76861/O (AOI22H)                        0.44      57.14 r
  U57253/O (ND2)                           0.53      57.67 f
  U39519/O (ND3P)                          0.37      58.04 r
  U76965/O (NR2T)                          0.20      58.24 f
  U76969/O (ND3HT)                         0.21      58.45 r
  U76970/O (NR2F)                          0.13      58.59 f
  U39480/O (AOI13HP)                       0.28      58.87 r
  U39471/C (HA1P)                          0.30      59.17 r
  U76980/C (HA1P)                          0.28      59.45 r
  U39460/C (HA1P)                          0.28      59.73 r
  U42507/C (HA1P)                          0.28      60.01 r
  U76971/C (HA1P)                          0.28      60.29 r
  U44708/C (HA1P)                          0.28      60.57 r
  U39442/C (HA1P)                          0.28      60.85 r
  U39429/C (HA1P)                          0.28      61.13 r
  U39427/C (HA1P)                          0.28      61.41 r
  U76977/C (HA1P)                          0.28      61.69 r
  U76972/C (HA1P)                          0.28      61.96 r
  U76974/C (HA1P)                          0.28      62.24 r
  U43681/C (HA1P)                          0.28      62.52 r
  U76973/C (HA1P)                          0.28      62.80 r
  U76975/C (HA1P)                          0.28      63.08 r
  U76976/C (HA1P)                          0.28      63.35 r
  U43684/C (HA1P)                          0.28      63.63 r
  U76979/C (HA1P)                          0.28      63.91 r
  U39358/C (HA1P)                          0.28      64.19 r
  U76978/C (HA1P)                          0.28      64.47 r
  U76981/C (HA1P)                          0.28      64.75 r
  U44717/C (HA1P)                          0.28      65.03 r
  U76982/C (HA1P)                          0.28      65.31 r
  U42907/C (HA1P)                          0.31      65.62 r
  U42906/O (BUF12CK)                       0.28      65.89 r
  U76991/O (MUX2T)                         0.43      66.33 f
  U42685/O (NR2F)                          0.24      66.57 r
  U76992/O (AO222P)                        0.54      67.10 r
  U52686/O (INV2)                          0.18      67.28 f
  U32941/O (ND3P)                          0.24      67.53 r
  U32938/O (MOAI1HP)                       0.29      67.81 r
  U76998/O (ND3HT)                         0.43      68.24 f
  U76999/O (NR2F)                          0.78      69.03 r
  U96583/O (AOI22H)                        0.33      69.35 f
  U32771/O (ND2)                           0.44      69.80 r
  sum_a_reg_3__18_/D (QDFFRBS)             0.00      69.80 r
  data arrival time                                  69.80

  clock clk (rise edge)                   70.00      70.00
  clock network delay (ideal)              0.00      70.00
  sum_a_reg_3__18_/CK (QDFFRBS)            0.00      70.00 r
  library setup time                      -0.20      69.80
  data required time                                 69.80
  -----------------------------------------------------------
  data required time                                 69.80
  data arrival time                                 -69.80
  -----------------------------------------------------------
  slack (MET)                                         0.00


1
exit

Memory usage for this session 790 Mbytes.
Memory usage for this session including child processes 1983 Mbytes.
CPU usage for this session 2463 seconds ( 0.68 hours ).
Elapsed time for this session 1015 seconds ( 0.28 hours ).

Thank you...

